<?xml version="1.0" encoding="UTF-8"?>
<testng-results ignored="0" total="1" passed="1" failed="0" skipped="0">
  <reporter-output>
  </reporter-output>
  <suite started-at="2021-12-31T10:54:47 IST" name="Default suite" finished-at="2021-12-31T10:54:47 IST" duration-ms="75">
    <groups>
    </groups>
    <test started-at="2021-12-31T10:54:47 IST" name="Default test" finished-at="2021-12-31T10:54:47 IST" duration-ms="75">
      <class name="SampleTest">
        <test-method signature="print()[pri:0, instance:SampleTest@3246fb96]" started-at="2021-12-31T10:54:47 IST" name="print" finished-at="2021-12-31T10:54:47 IST" duration-ms="11" status="PASS">
          <reporter-output>
          </reporter-output>
        </test-method> <!-- print -->
      </class> <!-- SampleTest -->
    </test> <!-- Default test -->
  </suite> <!-- Default suite -->
</testng-results>
